#
# There is insufficient memory for the Java Runtime Environment to continue.
# Native memory allocation (malloc) failed to allocate 2338416 bytes for Chunk::new
# Possible reasons:
#   The system is out of physical RAM or swap space
#   The process is running with CompressedOops enabled, and the Java Heap may be blocking the growth of the native heap
# Possible solutions:
#   Reduce memory load on the system
#   Increase physical memory or swap space
#   Check if swap backing store is full
#   Decrease Java heap size (-Xmx/-Xms)
#   Decrease number of Java threads
#   Decrease Java thread stack sizes (-Xss)
#   Set larger code cache with -XX:ReservedCodeCacheSize=
#   JVM is running with Unscaled Compressed Oops mode in which the Java heap is
#     placed in the first 4GB address space. The Java Heap base address is the
#     maximum limit for the native heap growth. Please use -XX:HeapBaseMinAddress
#     to set the Java Heap base and to place the Java Heap above 4GB virtual address.
# This output file may be truncated or incomplete.
#
#  Out of Memory Error (allocation.cpp:389), pid=7972, tid=0x0000000000002de8
#
# JRE version: Java(TM) SE Runtime Environment (8.0_202-b08) (build 1.8.0_202-b08)
# Java VM: Java HotSpot(TM) 64-Bit Server VM (25.202-b08 mixed mode windows-amd64 compressed oops)
# Failed to write core dump. Minidumps are not enabled by default on client versions of Windows
#

---------------  T H R E A D  ---------------

Current thread (0x00000000051b9800):  JavaThread "C2 CompilerThread0" daemon [_thread_in_native, id=11752, stack(0x0000000006a70000,0x0000000006b70000)]

Stack: [0x0000000006a70000,0x0000000006b70000]
[error occurred during error reporting (printing stack bounds), id 0xc0000005]

Native frames: (J=compiled Java code, j=interpreted, Vv=VM code, C=native code)


Current CompileTask:
C2:   7313 1621   !   4       java.net.URLClassLoader$1::run (63 bytes)


---------------  P R O C E S S  ---------------

Java Threads: ( => current thread )
  0x000000000522d800 JavaThread "Service Thread" daemon [_thread_blocked, id=7780, stack(0x0000000006c70000,0x0000000006d70000)]
  0x00000000051c1800 JavaThread "C1 CompilerThread1" daemon [_thread_in_native, id=21576, stack(0x0000000006b70000,0x0000000006c70000)]
=>0x00000000051b9800 JavaThread "C2 CompilerThread0" daemon [_thread_in_native, id=11752, stack(0x0000000006a70000,0x0000000006b70000)]
  0x00000000051b8000 JavaThread "Attach Listener" daemon [_thread_blocked, id=6416, stack(0x0000000006970000,0x0000000006a70000)]
  0x000000000384e800 JavaThread "Signal Dispatcher" daemon [_thread_blocked, id=18184, stack(0x0000000006870000,0x0000000006970000)]
  0x0000000003847800 JavaThread "Finalizer" daemon [_thread_blocked, id=17840, stack(0x0000000005df0000,0x0000000005ef0000)]
  0x00000000051a8000 JavaThread "Reference Handler" daemon [_thread_blocked, id=17080, stack(0x0000000005cf0000,0x0000000005df0000)]
  0x0000000002d9e800 JavaThread "main" [_thread_in_Java, id=15228, stack(0x0000000003650000,0x0000000003750000)]

Other Threads:
  0x0000000005186800 VMThread [stack: 0x0000000005bf0000,0x0000000005cf0000] [id=10884]
  0x0000000005252800 WatcherThread [stack: 0x0000000006d70000,0x0000000006e70000] [id=3632]

VM state:not at safepoint (normal execution)

VM Mutex/Monitor currently owned by a thread: None

heap address: 0x0000000090000000, size: 1792 MB, Compressed Oops mode: 32-bit
Narrow klass base: 0x0000000000000000, Narrow klass shift: 3
Compressed class space size: 1073741824 Address: 0x0000000100000000

Heap:
 PSYoungGen      total 33280K, used 10399K [0x00000000dab00000, 0x00000000dec00000, 0x0000000100000000)
  eden space 28672K, 20% used [0x00000000dab00000,0x00000000db0abf08,0x00000000dc700000)
  from space 4608K, 99% used [0x00000000dc700000,0x00000000dcb7c030,0x00000000dcb80000)
  to   space 4608K, 0% used [0x00000000de780000,0x00000000de780000,0x00000000dec00000)
 ParOldGen       total 76800K, used 4120K [0x0000000090000000, 0x0000000094b00000, 0x00000000dab00000)
  object space 76800K, 5% used [0x0000000090000000,0x0000000090406248,0x0000000094b00000)
 Metaspace       used 15184K, capacity 15388K, committed 15616K, reserved 1062912K
  class space    used 1850K, capacity 1938K, committed 2048K, reserved 1048576K

Card table byte_map: [0x0000000003c10000,0x0000000003fa0000] byte_map_base: 0x0000000003790000

Marking Bits: (ParMarkBitMap*) 0x00000000585e5ce0
 Begin Bits: [0x000000000e0f0000, 0x000000000fcf0000)
 End Bits:   [0x000000000fcf0000, 0x00000000118f0000)

Polling page: 0x0000000002d40000

CodeCache: size=245760Kb used=6329Kb max_used=6329Kb free=239430Kb
 bounds [0x0000000020210000, 0x0000000020850000, 0x000000002f210000]
 total_blobs=2194 nmethods=1829 adapters=277
 compilation: enabled

Compilation events (10 events):
Event: 7.308 Thread 0x00000000051c1800 1846       1       org.apache.maven.model.Model::getVersion (5 bytes)
Event: 7.308 Thread 0x00000000051c1800 nmethod 1846 0x000000002083f510 code [0x000000002083f660, 0x000000002083f770]
Event: 7.308 Thread 0x00000000051c1800 1847  s    2       java.util.Stack::peek (25 bytes)
Event: 7.309 Thread 0x00000000051c1800 nmethod 1847 0x000000002083f7d0 code [0x000000002083f960, 0x000000002083fe38]
Event: 7.309 Thread 0x00000000051c1800 1848  s    2       java.util.Stack::pop (19 bytes)
Event: 7.309 Thread 0x00000000051c1800 nmethod 1848 0x000000002083ff90 code [0x0000000020840140, 0x00000000208409a8]
Event: 7.309 Thread 0x00000000051c1800 1849  s    2       java.util.Vector::removeElementAt (115 bytes)
Event: 7.309 Thread 0x00000000051c1800 nmethod 1849 0x0000000020840d50 code [0x0000000020840f20, 0x0000000020841688]
Event: 7.310 Thread 0x00000000051c1800 1850       2       java.util.Stack::push (7 bytes)
Event: 7.310 Thread 0x00000000051c1800 nmethod 1850 0x0000000020841ad0 code [0x0000000020841c40, 0x0000000020841dc8]

GC Heap History (6 events):
Event: 6.046 GC heap before
{Heap before GC invocations=1 (full 0):
 PSYoungGen      total 33280K, used 28672K [0x00000000dab00000, 0x00000000dd000000, 0x0000000100000000)
  eden space 28672K, 100% used [0x00000000dab00000,0x00000000dc700000,0x00000000dc700000)
  from space 4608K, 0% used [0x00000000dcb80000,0x00000000dcb80000,0x00000000dd000000)
  to   space 4608K, 0% used [0x00000000dc700000,0x00000000dc700000,0x00000000dcb80000)
 ParOldGen       total 76800K, used 0K [0x0000000090000000, 0x0000000094b00000, 0x00000000dab00000)
  object space 76800K, 0% used [0x0000000090000000,0x0000000090000000,0x0000000094b00000)
 Metaspace       used 8417K, capacity 8540K, committed 8832K, reserved 1056768K
  class space    used 1023K, capacity 1080K, committed 1152K, reserved 1048576K
Event: 6.079 GC heap after
Heap after GC invocations=1 (full 0):
 PSYoungGen      total 33280K, used 4588K [0x00000000dab00000, 0x00000000dd000000, 0x0000000100000000)
  eden space 28672K, 0% used [0x00000000dab00000,0x00000000dab00000,0x00000000dc700000)
  from space 4608K, 99% used [0x00000000dc700000,0x00000000dcb7b240,0x00000000dcb80000)
  to   space 4608K, 0% used [0x00000000dcb80000,0x00000000dcb80000,0x00000000dd000000)
 ParOldGen       total 76800K, used 175K [0x0000000090000000, 0x0000000094b00000, 0x00000000dab00000)
  object space 76800K, 0% used [0x0000000090000000,0x000000009002beb0,0x0000000094b00000)
 Metaspace       used 8417K, capacity 8540K, committed 8832K, reserved 1056768K
  class space    used 1023K, capacity 1080K, committed 1152K, reserved 1048576K
}
Event: 6.507 GC heap before
{Heap before GC invocations=2 (full 0):
 PSYoungGen      total 33280K, used 33260K [0x00000000dab00000, 0x00000000dd000000, 0x0000000100000000)
  eden space 28672K, 100% used [0x00000000dab00000,0x00000000dc700000,0x00000000dc700000)
  from space 4608K, 99% used [0x00000000dc700000,0x00000000dcb7b240,0x00000000dcb80000)
  to   space 4608K, 0% used [0x00000000dcb80000,0x00000000dcb80000,0x00000000dd000000)
 ParOldGen       total 76800K, used 175K [0x0000000090000000, 0x0000000094b00000, 0x00000000dab00000)
  object space 76800K, 0% used [0x0000000090000000,0x000000009002beb0,0x0000000094b00000)
 Metaspace       used 11303K, capacity 11454K, committed 11520K, reserved 1058816K
  class space    used 1401K, capacity 1475K, committed 1536K, reserved 1048576K
Event: 6.514 GC heap after
Heap after GC invocations=2 (full 0):
 PSYoungGen      total 33280K, used 4601K [0x00000000dab00000, 0x00000000dec00000, 0x0000000100000000)
  eden space 28672K, 0% used [0x00000000dab00000,0x00000000dab00000,0x00000000dc700000)
  from space 4608K, 99% used [0x00000000dcb80000,0x00000000dcffe518,0x00000000dd000000)
  to   space 4608K, 0% used [0x00000000dc700000,0x00000000dc700000,0x00000000dcb80000)
 ParOldGen       total 76800K, used 1537K [0x0000000090000000, 0x0000000094b00000, 0x00000000dab00000)
  object space 76800K, 2% used [0x0000000090000000,0x00000000901805c0,0x0000000094b00000)
 Metaspace       used 11303K, capacity 11454K, committed 11520K, reserved 1058816K
  class space    used 1401K, capacity 1475K, committed 1536K, reserved 1048576K
}
Event: 7.174 GC heap before
{Heap before GC invocations=3 (full 0):
 PSYoungGen      total 33280K, used 33273K [0x00000000dab00000, 0x00000000dec00000, 0x0000000100000000)
  eden space 28672K, 100% used [0x00000000dab00000,0x00000000dc700000,0x00000000dc700000)
  from space 4608K, 99% used [0x00000000dcb80000,0x00000000dcffe518,0x00000000dd000000)
  to   space 4608K, 0% used [0x00000000dc700000,0x00000000dc700000,0x00000000dcb80000)
 ParOldGen       total 76800K, used 1537K [0x0000000090000000, 0x0000000094b00000, 0x00000000dab00000)
  object space 76800K, 2% used [0x0000000090000000,0x00000000901805c0,0x0000000094b00000)
 Metaspace       used 15102K, capacity 15242K, committed 15360K, reserved 1062912K
  class space    used 1847K, capacity 1935K, committed 2048K, reserved 1048576K
Event: 7.184 GC heap after
Heap after GC invocations=3 (full 0):
 PSYoungGen      total 33280K, used 4592K [0x00000000dab00000, 0x00000000dec00000, 0x0000000100000000)
  eden space 28672K, 0% used [0x00000000dab00000,0x00000000dab00000,0x00000000dc700000)
  from space 4608K, 99% used [0x00000000dc700000,0x00000000dcb7c030,0x00000000dcb80000)
  to   space 4608K, 0% used [0x00000000de780000,0x00000000de780000,0x00000000dec00000)
 ParOldGen       total 76800K, used 4120K [0x0000000090000000, 0x0000000094b00000, 0x00000000dab00000)
  object space 76800K, 5% used [0x0000000090000000,0x0000000090406248,0x0000000094b00000)
 Metaspace       used 15102K, capacity 15242K, committed 15360K, reserved 1062912K
  class space    used 1847K, capacity 1935K, committed 2048K, reserved 1048576K
}

Deoptimization events (10 events):
Event: 6.311 Thread 0x0000000002d9e800 Uncommon trap: reason=class_check action=maybe_recompile pc=0x000000002054c090 method=java.util.HashMap.putVal(ILjava/lang/Object;Ljava/lang/Object;ZZ)Ljava/lang/Object; @ 203
Event: 6.673 Thread 0x0000000002d9e800 Uncommon trap: reason=class_check action=maybe_recompile pc=0x000000002054c090 method=java.util.HashMap.putVal(ILjava/lang/Object;Ljava/lang/Object;ZZ)Ljava/lang/Object; @ 203
Event: 6.673 Thread 0x0000000002d9e800 Uncommon trap: reason=class_check action=maybe_recompile pc=0x000000002054c090 method=java.util.HashMap.putVal(ILjava/lang/Object;Ljava/lang/Object;ZZ)Ljava/lang/Object; @ 203
Event: 6.728 Thread 0x0000000002d9e800 Uncommon trap: reason=unstable_if action=reinterpret pc=0x00000000205cffec method=java.util.concurrent.ConcurrentHashMap.putVal(Ljava/lang/Object;Ljava/lang/Object;Z)Ljava/lang/Object; @ 206
Event: 6.983 Thread 0x0000000002d9e800 Uncommon trap: reason=unstable_if action=reinterpret pc=0x00000000203dc330 method=java.lang.String.replace(CC)Ljava/lang/String; @ 2
Event: 7.047 Thread 0x0000000002d9e800 Uncommon trap: reason=unstable_if action=reinterpret pc=0x0000000020395bc8 method=java.lang.String.startsWith(Ljava/lang/String;I)Z @ 25
Event: 7.068 Thread 0x0000000002d9e800 Uncommon trap: reason=unstable_if action=reinterpret pc=0x00000000204f5b9c method=org.codehaus.plexus.util.xml.pull.MXParser.nextImpl()I @ 879
Event: 7.079 Thread 0x0000000002d9e800 Uncommon trap: reason=unstable_if action=reinterpret pc=0x0000000020502204 method=sun.nio.cs.UTF_8$Decoder.decode([BII[C)I @ 30
Event: 7.088 Thread 0x0000000002d9e800 Uncommon trap: reason=unstable_if action=reinterpret pc=0x00000000204f7094 method=sun.nio.cs.UTF_8$Decoder.decodeArrayLoop(Ljava/nio/ByteBuffer;Ljava/nio/CharBuffer;)Ljava/nio/charset/CoderResult; @ 84
Event: 7.140 Thread 0x0000000002d9e800 Uncommon trap: reason=unstable_if action=reinterpret pc=0x00000000205e4efc method=java.util.HashMap.hash(Ljava/lang/Object;)I @ 1

Classes redefined (0 events):
No events

Internal exceptions (10 events):
Event: 6.767 Thread 0x0000000002d9e800 Exception <a 'java/lang/NoClassDefFoundError': com/google/inject/servlet/ServletModuleTargetVisitor> (0x00000000db90a750) thrown at [C:\re\workspace\8-2-build-windows-amd64-cygwin\jdk8u202\12323\hotspot\src\share\vm\classfile\systemDictionary.cpp, line 19
Event: 6.767 Thread 0x0000000002d9e800 Exception <a 'java/lang/NoClassDefFoundError'> (0x00000000db90a750) thrown at [C:\re\workspace\8-2-build-windows-amd64-cygwin\jdk8u202\12323\hotspot\src\share\vm\prims\jvm.cpp, line 1506]
Event: 6.767 Thread 0x0000000002d9e800 Exception <a 'java/lang/NoClassDefFoundError': javax/annotation/Priority> (0x00000000db911910) thrown at [C:\re\workspace\8-2-build-windows-amd64-cygwin\jdk8u202\12323\hotspot\src\share\vm\classfile\systemDictionary.cpp, line 199]
Event: 6.932 Thread 0x0000000002d9e800 Exception <a 'java/lang/NullPointerException'> (0x00000000dbea2468) thrown at [C:\re\workspace\8-2-build-windows-amd64-cygwin\jdk8u202\12323\hotspot\src\share\vm\interpreter\linkResolver.cpp, line 1185]
Event: 6.932 Thread 0x0000000002d9e800 Exception <a 'java/lang/NullPointerException'> (0x00000000dbea2680) thrown at [C:\re\workspace\8-2-build-windows-amd64-cygwin\jdk8u202\12323\hotspot\src\share\vm\interpreter\linkResolver.cpp, line 1185]
Event: 6.932 Thread 0x0000000002d9e800 Exception <a 'java/lang/NullPointerException'> (0x00000000dbea2898) thrown at [C:\re\workspace\8-2-build-windows-amd64-cygwin\jdk8u202\12323\hotspot\src\share\vm\interpreter\linkResolver.cpp, line 1185]
Event: 6.933 Thread 0x0000000002d9e800 Exception <a 'java/lang/NullPointerException'> (0x00000000dbeb91d0) thrown at [C:\re\workspace\8-2-build-windows-amd64-cygwin\jdk8u202\12323\hotspot\src\share\vm\interpreter\linkResolver.cpp, line 1185]
Event: 6.933 Thread 0x0000000002d9e800 Exception <a 'java/lang/NullPointerException'> (0x00000000dbeb93e8) thrown at [C:\re\workspace\8-2-build-windows-amd64-cygwin\jdk8u202\12323\hotspot\src\share\vm\interpreter\linkResolver.cpp, line 1185]
Event: 6.933 Thread 0x0000000002d9e800 Exception <a 'java/lang/NullPointerException'> (0x00000000dbeb9600) thrown at [C:\re\workspace\8-2-build-windows-amd64-cygwin\jdk8u202\12323\hotspot\src\share\vm\interpreter\linkResolver.cpp, line 1185]
Event: 7.140 Thread 0x0000000002d9e800 Implicit null exception at 0x00000000205e4d15 to 0x00000000205e4eed

Events (10 events):
Event: 7.208 Thread 0x0000000002d9e800 DEOPT PACKING pc=0x00000000207c4e1a sp=0x000000000374d2b0
Event: 7.209 Thread 0x0000000002d9e800 DEOPT UNPACKING pc=0x00000000202575d0 sp=0x000000000374d130 mode 0
Event: 7.209 loading class org/apache/maven/model/Exclusion
Event: 7.209 loading class org/apache/maven/model/Exclusion done
Event: 7.226 Thread 0x0000000002d9e800 DEOPT PACKING pc=0x00000000207c4e1a sp=0x000000000374d150
Event: 7.226 Thread 0x0000000002d9e800 DEOPT UNPACKING pc=0x00000000202575d0 sp=0x000000000374cfd0 mode 0
Event: 7.256 Thread 0x0000000002d9e800 DEOPT PACKING pc=0x00000000207c4e1a sp=0x000000000374d2b0
Event: 7.256 Thread 0x0000000002d9e800 DEOPT UNPACKING pc=0x00000000202575d0 sp=0x000000000374d130 mode 0
Event: 7.305 Thread 0x0000000002d9e800 DEOPT PACKING pc=0x00000000207c4e1a sp=0x000000000374d2b0
Event: 7.305 Thread 0x0000000002d9e800 DEOPT UNPACKING pc=0x00000000202575d0 sp=0x000000000374d130 mode 0


Dynamic libraries:
0x00007ff66c990000 - 0x00007ff66c9c7000 	C:\Program Files\Java\jdk1.8.0_202\bin\javaw.exe
0x00007ffc3a8a0000 - 0x00007ffc3aa8d000 	C:\windows\SYSTEM32\ntdll.dll
0x00007ffc38210000 - 0x00007ffc382c3000 	C:\windows\System32\KERNEL32.DLL
0x00007ffc374f0000 - 0x00007ffc37783000 	C:\windows\System32\KERNELBASE.dll
0x00007ffc3a6f0000 - 0x00007ffc3a793000 	C:\windows\System32\ADVAPI32.dll
0x00007ffc3a4e0000 - 0x00007ffc3a57e000 	C:\windows\System32\msvcrt.dll
0x00007ffc37ae0000 - 0x00007ffc37b7e000 	C:\windows\System32\sechost.dll
0x00007ffc398f0000 - 0x00007ffc39a12000 	C:\windows\System32\RPCRT4.dll
0x00007ffc39e60000 - 0x00007ffc39ff7000 	C:\windows\System32\USER32.dll
0x00007ffc37790000 - 0x00007ffc377b0000 	C:\windows\System32\win32u.dll
0x00007ffc37f60000 - 0x00007ffc37f89000 	C:\windows\System32\GDI32.dll
0x00007ffc378b0000 - 0x00007ffc37a4a000 	C:\windows\System32\gdi32full.dll
0x00007ffc37170000 - 0x00007ffc37210000 	C:\windows\System32\msvcp_win.dll
0x00007ffc37210000 - 0x00007ffc3730c000 	C:\windows\System32\ucrtbase.dll
0x00007ffc1e850000 - 0x00007ffc1eac9000 	C:\windows\WinSxS\amd64_microsoft.windows.common-controls_6595b64144ccf1df_6.0.17763.253_none_05b2388e0721fece\COMCTL32.dll
0x00007ffc37b80000 - 0x00007ffc37ead000 	C:\windows\System32\combase.dll
0x00007ffc377b0000 - 0x00007ffc3782e000 	C:\windows\System32\bcryptPrimitives.dll
0x00007ffc398c0000 - 0x00007ffc398ee000 	C:\windows\System32\IMM32.DLL
0x00007ffc1ca10000 - 0x00007ffc1cbba000 	C:\windows\system32\tmumh\20019\AddOn\8.20.0.1016\TmUmEvt64.dll
0x00007ffc37ad0000 - 0x00007ffc37ad8000 	C:\windows\System32\PSAPI.DLL
0x00007ffc39a40000 - 0x00007ffc39a92000 	C:\windows\System32\SHLWAPI.dll
0x000000005a050000 - 0x000000005a1b5000 	C:\windows\system32\tmumh\20019\TmMon\2.7.3.1004\tmmon64.dll
0x000000005a3a0000 - 0x000000005a472000 	C:\Program Files\Java\jdk1.8.0_202\jre\bin\msvcr100.dll
0x0000000057dc0000 - 0x0000000058665000 	C:\Program Files\Java\jdk1.8.0_202\jre\bin\server\jvm.dll
0x00007ffc25530000 - 0x00007ffc25539000 	C:\windows\SYSTEM32\WSOCK32.dll
0x0000000002c20000 - 0x0000000002c8d000 	C:\windows\System32\WS2_32.dll
0x00007ffc348c0000 - 0x00007ffc348e4000 	C:\windows\SYSTEM32\WINMM.dll
0x00007ffc2f000000 - 0x00007ffc2f00a000 	C:\windows\SYSTEM32\VERSION.dll
0x00007ffc34890000 - 0x00007ffc348bd000 	C:\windows\SYSTEM32\WINMMBASE.dll
0x00007ffc37a80000 - 0x00007ffc37aca000 	C:\windows\System32\cfgmgr32.dll
0x00007ffc2ca70000 - 0x00007ffc2ca7f000 	C:\Program Files\Java\jdk1.8.0_202\jre\bin\verify.dll
0x00007ffc15320000 - 0x00007ffc15349000 	C:\Program Files\Java\jdk1.8.0_202\jre\bin\java.dll
0x00007ffc286c0000 - 0x00007ffc286d6000 	C:\Program Files\Java\jdk1.8.0_202\jre\bin\zip.dll
0x00007ffc382d0000 - 0x00007ffc397bf000 	C:\windows\System32\SHELL32.dll
0x00007ffc37eb0000 - 0x00007ffc37f58000 	C:\windows\System32\shcore.dll
0x00007ffc36a20000 - 0x00007ffc3716a000 	C:\windows\System32\windows.storage.dll
0x00007ffc368a0000 - 0x00007ffc368c4000 	C:\windows\System32\profapi.dll
0x00007ffc368f0000 - 0x00007ffc3694d000 	C:\windows\System32\powrprof.dll
0x00007ffc368d0000 - 0x00007ffc368e1000 	C:\windows\System32\kernel.appcore.dll
0x00007ffc37830000 - 0x00007ffc37847000 	C:\windows\System32\cryptsp.dll
0x00007ffc35a30000 - 0x00007ffc35a63000 	C:\windows\system32\rsaenh.dll
0x00007ffc37a50000 - 0x00007ffc37a76000 	C:\windows\System32\bcrypt.dll
0x00007ffc367a0000 - 0x00007ffc367c8000 	C:\windows\SYSTEM32\USERENV.dll
0x00007ffc362a0000 - 0x00007ffc362ac000 	C:\windows\SYSTEM32\CRYPTBASE.dll
0x00007ffc28630000 - 0x00007ffc2864a000 	C:\Program Files\Java\jdk1.8.0_202\jre\bin\net.dll
0x00007ffc2da80000 - 0x00007ffc2dc57000 	C:\windows\SYSTEM32\urlmon.dll
0x00007ffc2d6e0000 - 0x00007ffc2d988000 	C:\windows\SYSTEM32\iertutil.dll
0x00007ffc360d0000 - 0x00007ffc36137000 	C:\windows\system32\mswsock.dll
0x00007ffc35e30000 - 0x00007ffc35e6d000 	C:\windows\SYSTEM32\IPHLPAPI.DLL
0x00007ffc39a30000 - 0x00007ffc39a38000 	C:\windows\System32\NSI.dll
0x00007ffc30830000 - 0x00007ffc30846000 	C:\windows\SYSTEM32\dhcpcsvc6.DLL
0x00007ffc30810000 - 0x00007ffc3082c000 	C:\windows\SYSTEM32\dhcpcsvc.DLL
0x00007ffc35e70000 - 0x00007ffc35f36000 	C:\windows\SYSTEM32\DNSAPI.dll
0x00007ffc1d5a0000 - 0x00007ffc1d5b2000 	C:\Program Files\Java\jdk1.8.0_202\jre\bin\nio.dll
0x00007ffc28350000 - 0x00007ffc2835a000 	C:\Users\SrikanthMalkaRDP\AppData\Local\Temp\jansi-1.17-1981874930054017271.dll
0x00007ffc25540000 - 0x00007ffc2554a000 	C:\Users\SrikanthMalkaRDP\AppData\Local\Temp\jansi-1.17-6791449816657161804.dll

VM Arguments:
jvm_args: -Dmaven.home=EMBEDDED -Dclassworlds.conf=C:\Users\SrikanthMalkaRDP\eclipse-workspace\.metadata\.plugins\org.eclipse.m2e.launching\launches\m2conf4311926711282729969.tmp -Dmaven.multiModuleProjectDirectory=C:\Users\SrikanthMalkaRDP\git\mpi_gap_common -Dfile.encoding=Cp1252 
java_command: org.codehaus.plexus.classworlds.launcher.Launcher -B clean install
java_class_path (initial): C:\Users\SrikanthMalkaRDP\.p2\pool\plugins\org.eclipse.m2e.maven.runtime_1.10.0.20181127-2120\jars\plexus-classworlds-2.5.2.jar
Launcher Type: SUN_STANDARD

Environment Variables:
PATH=C:/Program Files/Java/jre1.8.0_202/bin/server;C:/Program Files/Java/jre1.8.0_202/bin;C:/Program Files/Java/jre1.8.0_202/lib/amd64;C:\Program Files (x86)\Common Files\Oracle\Java\javapath;C:\windows\system32;C:\windows;C:\windows\System32\Wbem;C:\windows\System32\WindowsPowerShell\v1.0\;C:\windows\System32\OpenSSH\;C:\Users\SrikanthMalkaRDP\AppData\Local\Microsoft\WindowsApps;;C:\Users\SrikanthMalkaRDP\Desktop;
USERNAME=SrikanthMalkaRDP
OS=Windows_NT
PROCESSOR_IDENTIFIER=Intel64 Family 6 Model 79 Stepping 1, GenuineIntel



---------------  S Y S T E M  ---------------

OS: Windows 10.0 , 64 bit Build 17763 (10.0.17763.1)

CPU:total 2 (initial active 2) (2 cores per cpu, 1 threads per core) family 6 model 79 stepping 1, cmov, cx8, fxsr, mmx, sse, sse2, sse3, ssse3, sse4.1, sse4.2, popcnt, avx, avx2, aes, clmul, erms, rtm, 3dnowpref, lzcnt, tsc, bmi1, bmi2, adx

Memory: 4k page, physical 7339572k(2851924k free), swap 9174440k(4092k free)

vm_info: Java HotSpot(TM) 64-Bit Server VM (25.202-b08) for windows-amd64 JRE (1.8.0_202-b08), built on Dec 15 2018 19:54:30 by "java_re" with MS VC++ 10.0 (VS2010)

time: Tue Mar 12 07:23:47 2019
timezone: Coordinated Universal Time
elapsed time: 7 seconds (0d 0h 0m 7s)

