#
# There is insufficient memory for the Java Runtime Environment to continue.
# Native memory allocation (malloc) failed to allocate 529328 bytes for Chunk::new
# Possible reasons:
#   The system is out of physical RAM or swap space
#   The process is running with CompressedOops enabled, and the Java Heap may be blocking the growth of the native heap
# Possible solutions:
#   Reduce memory load on the system
#   Increase physical memory or swap space
#   Check if swap backing store is full
#   Decrease Java heap size (-Xmx/-Xms)
#   Decrease number of Java threads
#   Decrease Java thread stack sizes (-Xss)
#   Set larger code cache with -XX:ReservedCodeCacheSize=
#   JVM is running with Unscaled Compressed Oops mode in which the Java heap is
#     placed in the first 4GB address space. The Java Heap base address is the
#     maximum limit for the native heap growth. Please use -XX:HeapBaseMinAddress
#     to set the Java Heap base and to place the Java Heap above 4GB virtual address.
# This output file may be truncated or incomplete.
#
#  Out of Memory Error (allocation.cpp:389), pid=14384, tid=0x0000000000002e54
#
# JRE version: Java(TM) SE Runtime Environment (8.0_202-b08) (build 1.8.0_202-b08)
# Java VM: Java HotSpot(TM) 64-Bit Server VM (25.202-b08 mixed mode windows-amd64 compressed oops)
# Failed to write core dump. Minidumps are not enabled by default on client versions of Windows
#

---------------  T H R E A D  ---------------

Current thread (0x0000000005e39800):  JavaThread "C2 CompilerThread0" daemon [_thread_in_native, id=11860, stack(0x00000000077d0000,0x00000000078d0000)]

Stack: [0x00000000077d0000,0x00000000078d0000]
[error occurred during error reporting (printing stack bounds), id 0xc0000005]

Native frames: (J=compiled Java code, j=interpreted, Vv=VM code, C=native code)


Current CompileTask:
C2:   7081 1646   !   4       java.net.URLClassLoader$1::run (63 bytes)


---------------  P R O C E S S  ---------------

Java Threads: ( => current thread )
  0x0000000005eae800 JavaThread "Service Thread" daemon [_thread_blocked, id=22444, stack(0x00000000079d0000,0x0000000007ad0000)]
  0x0000000005e40000 JavaThread "C1 CompilerThread1" daemon [_thread_in_vm, id=10160, stack(0x00000000078d0000,0x00000000079d0000)]
=>0x0000000005e39800 JavaThread "C2 CompilerThread0" daemon [_thread_in_native, id=11860, stack(0x00000000077d0000,0x00000000078d0000)]
  0x0000000005e38000 JavaThread "Attach Listener" daemon [_thread_blocked, id=12968, stack(0x0000000006ea0000,0x0000000006fa0000)]
  0x0000000003bae800 JavaThread "Signal Dispatcher" daemon [_thread_blocked, id=14932, stack(0x0000000006da0000,0x0000000006ea0000)]
  0x0000000003ba7800 JavaThread "Finalizer" daemon [_thread_blocked, id=6056, stack(0x0000000006af0000,0x0000000006bf0000)]
  0x0000000005e28000 JavaThread "Reference Handler" daemon [_thread_blocked, id=8988, stack(0x00000000069f0000,0x0000000006af0000)]
  0x0000000003a9e800 JavaThread "main" [_thread_in_vm, id=18992, stack(0x0000000003940000,0x0000000003a40000)]

Other Threads:
  0x0000000005e06800 VMThread [stack: 0x00000000068f0000,0x00000000069f0000] [id=10620]
  0x0000000005ed2000 WatcherThread [stack: 0x0000000007ad0000,0x0000000007bd0000] [id=3880]

VM state:not at safepoint (normal execution)

VM Mutex/Monitor currently owned by a thread: None

heap address: 0x0000000090000000, size: 1792 MB, Compressed Oops mode: 32-bit
Narrow klass base: 0x0000000000000000, Narrow klass shift: 3
Compressed class space size: 1073741824 Address: 0x0000000100000000

Heap:
 PSYoungGen      total 33280K, used 33186K [0x00000000dab00000, 0x00000000dd000000, 0x0000000100000000)
  eden space 28672K, 99% used [0x00000000dab00000,0x00000000dc6ef758,0x00000000dc700000)
  from space 4608K, 99% used [0x00000000dcb80000,0x00000000dcff91b8,0x00000000dd000000)
  to   space 4608K, 0% used [0x00000000dc700000,0x00000000dc700000,0x00000000dcb80000)
 ParOldGen       total 76800K, used 1634K [0x0000000090000000, 0x0000000094b00000, 0x00000000dab00000)
  object space 76800K, 2% used [0x0000000090000000,0x0000000090198aa8,0x0000000094b00000)
 Metaspace       used 15101K, capacity 15306K, committed 15616K, reserved 1062912K
  class space    used 1847K, capacity 1935K, committed 2048K, reserved 1048576K

Card table byte_map: [0x0000000004900000,0x0000000004c90000] byte_map_base: 0x0000000004480000

Marking Bits: (ParMarkBitMap*) 0x00000000585e5ce0
 Begin Bits: [0x000000000e0f0000, 0x000000000fcf0000)
 End Bits:   [0x000000000fcf0000, 0x00000000118f0000)

Polling page: 0x0000000003a80000

CodeCache: size=245760Kb used=6160Kb max_used=6160Kb free=239600Kb
 bounds [0x0000000020210000, 0x0000000020820000, 0x000000002f210000]
 total_blobs=2113 nmethods=1748 adapters=277
 compilation: enabled

Compilation events (10 events):
Event: 7.075 Thread 0x0000000005e40000 1740       2       org.apache.maven.model.Plugin::setGroupId (6 bytes)
Event: 7.075 Thread 0x0000000005e40000 nmethod 1740 0x0000000020813110 code [0x0000000020813260, 0x00000000208133d0]
Event: 7.075 Thread 0x0000000005e40000 1741       2       org.apache.maven.model.ConfigurationContainer::<init> (10 bytes)
Event: 7.075 Thread 0x0000000005e40000 nmethod 1741 0x0000000020813450 code [0x00000000208135a0, 0x00000000208136f0]
Event: 7.076 Thread 0x0000000005e40000 1742       2       java.util.IdentityHashMap::get (60 bytes)
Event: 7.076 Thread 0x0000000005e40000 nmethod 1742 0x0000000020813790 code [0x0000000020813900, 0x0000000020813b88]
Event: 7.076 Thread 0x0000000005e40000 1743       1       org.apache.maven.model.ConfigurationContainer::getInherited (5 bytes)
Event: 7.076 Thread 0x0000000005e40000 nmethod 1743 0x0000000020813d10 code [0x0000000020813e60, 0x0000000020813f70]
Event: 7.076 Thread 0x0000000005e40000 1744       2       org.apache.maven.model.Plugin::getKey (27 bytes)
Event: 7.077 Thread 0x0000000005e40000 nmethod 1744 0x0000000020813fd0 code [0x0000000020814160, 0x00000000208144f8]

GC Heap History (4 events):
Event: 5.958 GC heap before
{Heap before GC invocations=1 (full 0):
 PSYoungGen      total 33280K, used 28672K [0x00000000dab00000, 0x00000000dd000000, 0x0000000100000000)
  eden space 28672K, 100% used [0x00000000dab00000,0x00000000dc700000,0x00000000dc700000)
  from space 4608K, 0% used [0x00000000dcb80000,0x00000000dcb80000,0x00000000dd000000)
  to   space 4608K, 0% used [0x00000000dc700000,0x00000000dc700000,0x00000000dcb80000)
 ParOldGen       total 76800K, used 0K [0x0000000090000000, 0x0000000094b00000, 0x00000000dab00000)
  object space 76800K, 0% used [0x0000000090000000,0x0000000090000000,0x0000000094b00000)
 Metaspace       used 8442K, capacity 8572K, committed 8832K, reserved 1056768K
  class space    used 1030K, capacity 1112K, committed 1152K, reserved 1048576K
Event: 5.968 GC heap after
Heap after GC invocations=1 (full 0):
 PSYoungGen      total 33280K, used 4580K [0x00000000dab00000, 0x00000000dd000000, 0x0000000100000000)
  eden space 28672K, 0% used [0x00000000dab00000,0x00000000dab00000,0x00000000dc700000)
  from space 4608K, 99% used [0x00000000dc700000,0x00000000dcb79070,0x00000000dcb80000)
  to   space 4608K, 0% used [0x00000000dcb80000,0x00000000dcb80000,0x00000000dd000000)
 ParOldGen       total 76800K, used 293K [0x0000000090000000, 0x0000000094b00000, 0x00000000dab00000)
  object space 76800K, 0% used [0x0000000090000000,0x0000000090049588,0x0000000094b00000)
 Metaspace       used 8442K, capacity 8572K, committed 8832K, reserved 1056768K
  class space    used 1030K, capacity 1112K, committed 1152K, reserved 1048576K
}
Event: 6.366 GC heap before
{Heap before GC invocations=2 (full 0):
 PSYoungGen      total 33280K, used 33252K [0x00000000dab00000, 0x00000000dd000000, 0x0000000100000000)
  eden space 28672K, 100% used [0x00000000dab00000,0x00000000dc700000,0x00000000dc700000)
  from space 4608K, 99% used [0x00000000dc700000,0x00000000dcb79070,0x00000000dcb80000)
  to   space 4608K, 0% used [0x00000000dcb80000,0x00000000dcb80000,0x00000000dd000000)
 ParOldGen       total 76800K, used 293K [0x0000000090000000, 0x0000000094b00000, 0x00000000dab00000)
  object space 76800K, 0% used [0x0000000090000000,0x0000000090049588,0x0000000094b00000)
 Metaspace       used 11339K, capacity 11454K, committed 11520K, reserved 1058816K
  class space    used 1407K, capacity 1475K, committed 1536K, reserved 1048576K
Event: 6.374 GC heap after
Heap after GC invocations=2 (full 0):
 PSYoungGen      total 33280K, used 4580K [0x00000000dab00000, 0x00000000dd000000, 0x0000000100000000)
  eden space 28672K, 0% used [0x00000000dab00000,0x00000000dab00000,0x00000000dc700000)
  from space 4608K, 99% used [0x00000000dcb80000,0x00000000dcff91b8,0x00000000dd000000)
  to   space 4608K, 0% used [0x00000000dc700000,0x00000000dc700000,0x00000000dcb80000)
 ParOldGen       total 76800K, used 1634K [0x0000000090000000, 0x0000000094b00000, 0x00000000dab00000)
  object space 76800K, 2% used [0x0000000090000000,0x0000000090198aa8,0x0000000094b00000)
 Metaspace       used 11339K, capacity 11454K, committed 11520K, reserved 1058816K
  class space    used 1407K, capacity 1475K, committed 1536K, reserved 1048576K
}

Deoptimization events (10 events):
Event: 6.544 Thread 0x0000000003a9e800 Uncommon trap: reason=unstable_if action=reinterpret pc=0x0000000020558f7c method=java.util.HashMap.getNode(ILjava/lang/Object;)Ljava/util/HashMap$Node; @ 129
Event: 6.544 Thread 0x0000000003a9e800 Uncommon trap: reason=class_check action=maybe_recompile pc=0x0000000020553d9c method=java.util.HashMap.putVal(ILjava/lang/Object;Ljava/lang/Object;ZZ)Ljava/lang/Object; @ 203
Event: 6.545 Thread 0x0000000003a9e800 Uncommon trap: reason=class_check action=maybe_recompile pc=0x0000000020553d9c method=java.util.HashMap.putVal(ILjava/lang/Object;Ljava/lang/Object;ZZ)Ljava/lang/Object; @ 203
Event: 6.605 Thread 0x0000000003a9e800 Uncommon trap: reason=unstable_if action=reinterpret pc=0x00000000205cddb4 method=java.util.concurrent.ConcurrentHashMap.putVal(Ljava/lang/Object;Ljava/lang/Object;Z)Ljava/lang/Object; @ 206
Event: 6.696 Thread 0x0000000003a9e800 Uncommon trap: reason=unstable_if action=reinterpret pc=0x00000000206c6058 method=java.lang.reflect.Modifier.isSynthetic(I)Z @ 5
Event: 6.888 Thread 0x0000000003a9e800 Uncommon trap: reason=unstable_if action=reinterpret pc=0x00000000203dc270 method=java.lang.String.replace(CC)Ljava/lang/String; @ 2
Event: 6.962 Thread 0x0000000003a9e800 Uncommon trap: reason=unstable_if action=reinterpret pc=0x0000000020393708 method=java.lang.String.startsWith(Ljava/lang/String;I)Z @ 25
Event: 6.985 Thread 0x0000000003a9e800 Uncommon trap: reason=unstable_if action=reinterpret pc=0x00000000204ee14c method=org.codehaus.plexus.util.xml.pull.MXParser.nextImpl()I @ 879
Event: 6.996 Thread 0x0000000003a9e800 Uncommon trap: reason=unstable_if action=reinterpret pc=0x0000000020564c44 method=sun.nio.cs.UTF_8$Decoder.decode([BII[C)I @ 30
Event: 7.003 Thread 0x0000000003a9e800 Uncommon trap: reason=unstable_if action=reinterpret pc=0x00000000204ef614 method=sun.nio.cs.UTF_8$Decoder.decodeArrayLoop(Ljava/nio/ByteBuffer;Ljava/nio/CharBuffer;)Ljava/nio/charset/CoderResult; @ 84

Classes redefined (0 events):
No events

Internal exceptions (10 events):
Event: 6.012 Thread 0x0000000003a9e800 Exception <a 'java/lang/ArrayIndexOutOfBoundsException'> (0x00000000dafccac0) thrown at [C:\re\workspace\8-2-build-windows-amd64-cygwin\jdk8u202\12323\hotspot\src\share\vm\runtime\sharedRuntime.cpp, line 605]
Event: 6.642 Thread 0x0000000003a9e800 Exception <a 'java/lang/NoClassDefFoundError': com/google/inject/servlet/ServletModuleTargetVisitor> (0x00000000db8c4970) thrown at [C:\re\workspace\8-2-build-windows-amd64-cygwin\jdk8u202\12323\hotspot\src\share\vm\classfile\systemDictionary.cpp, line 19
Event: 6.642 Thread 0x0000000003a9e800 Exception <a 'java/lang/NoClassDefFoundError'> (0x00000000db8c4970) thrown at [C:\re\workspace\8-2-build-windows-amd64-cygwin\jdk8u202\12323\hotspot\src\share\vm\prims\jvm.cpp, line 1506]
Event: 6.643 Thread 0x0000000003a9e800 Exception <a 'java/lang/NoClassDefFoundError': javax/annotation/Priority> (0x00000000db8cbb30) thrown at [C:\re\workspace\8-2-build-windows-amd64-cygwin\jdk8u202\12323\hotspot\src\share\vm\classfile\systemDictionary.cpp, line 199]
Event: 6.832 Thread 0x0000000003a9e800 Exception <a 'java/lang/NullPointerException'> (0x00000000dbe5cb50) thrown at [C:\re\workspace\8-2-build-windows-amd64-cygwin\jdk8u202\12323\hotspot\src\share\vm\interpreter\linkResolver.cpp, line 1185]
Event: 6.832 Thread 0x0000000003a9e800 Exception <a 'java/lang/NullPointerException'> (0x00000000dbe5cd68) thrown at [C:\re\workspace\8-2-build-windows-amd64-cygwin\jdk8u202\12323\hotspot\src\share\vm\interpreter\linkResolver.cpp, line 1185]
Event: 6.832 Thread 0x0000000003a9e800 Exception <a 'java/lang/NullPointerException'> (0x00000000dbe5cf80) thrown at [C:\re\workspace\8-2-build-windows-amd64-cygwin\jdk8u202\12323\hotspot\src\share\vm\interpreter\linkResolver.cpp, line 1185]
Event: 6.833 Thread 0x0000000003a9e800 Exception <a 'java/lang/NullPointerException'> (0x00000000dbe738b8) thrown at [C:\re\workspace\8-2-build-windows-amd64-cygwin\jdk8u202\12323\hotspot\src\share\vm\interpreter\linkResolver.cpp, line 1185]
Event: 6.833 Thread 0x0000000003a9e800 Exception <a 'java/lang/NullPointerException'> (0x00000000dbe73ad0) thrown at [C:\re\workspace\8-2-build-windows-amd64-cygwin\jdk8u202\12323\hotspot\src\share\vm\interpreter\linkResolver.cpp, line 1185]
Event: 6.833 Thread 0x0000000003a9e800 Exception <a 'java/lang/NullPointerException'> (0x00000000dbe73ce8) thrown at [C:\re\workspace\8-2-build-windows-amd64-cygwin\jdk8u202\12323\hotspot\src\share\vm\interpreter\linkResolver.cpp, line 1185]

Events (10 events):
Event: 7.053 loading class org/codehaus/plexus/component/repository/ComponentDependency
Event: 7.053 loading class org/codehaus/plexus/component/repository/ComponentDependency done
Event: 7.053 Thread 0x0000000003a9e800 DEOPT PACKING pc=0x000000002077338e sp=0x0000000003a3c160
Event: 7.053 Thread 0x0000000003a9e800 DEOPT UNPACKING pc=0x00000000202575d0 sp=0x0000000003a3be70 mode 0
Event: 7.053 loading class org/apache/maven/plugin/MavenPluginValidator
Event: 7.053 loading class org/apache/maven/plugin/MavenPluginValidator done
Event: 7.063 Thread 0x0000000003a9e800 DEOPT PACKING pc=0x00000000207d231a sp=0x0000000003a3d330
Event: 7.063 Thread 0x0000000003a9e800 DEOPT UNPACKING pc=0x00000000202575d0 sp=0x0000000003a3d1b0 mode 0
Event: 7.075 Thread 0x0000000003a9e800 DEOPT PACKING pc=0x00000000207d231a sp=0x0000000003a3d330
Event: 7.075 Thread 0x0000000003a9e800 DEOPT UNPACKING pc=0x00000000202575d0 sp=0x0000000003a3d1b0 mode 0


Dynamic libraries:
0x00007ff66c990000 - 0x00007ff66c9c7000 	C:\Program Files\Java\jdk1.8.0_202\bin\javaw.exe
0x00007ffc3a8a0000 - 0x00007ffc3aa8d000 	C:\windows\SYSTEM32\ntdll.dll
0x00007ffc38210000 - 0x00007ffc382c3000 	C:\windows\System32\KERNEL32.DLL
0x00007ffc374f0000 - 0x00007ffc37783000 	C:\windows\System32\KERNELBASE.dll
0x00007ffc3a6f0000 - 0x00007ffc3a793000 	C:\windows\System32\ADVAPI32.dll
0x00007ffc3a4e0000 - 0x00007ffc3a57e000 	C:\windows\System32\msvcrt.dll
0x00007ffc37ae0000 - 0x00007ffc37b7e000 	C:\windows\System32\sechost.dll
0x00007ffc398f0000 - 0x00007ffc39a12000 	C:\windows\System32\RPCRT4.dll
0x00007ffc39e60000 - 0x00007ffc39ff7000 	C:\windows\System32\USER32.dll
0x00007ffc37790000 - 0x00007ffc377b0000 	C:\windows\System32\win32u.dll
0x00007ffc37f60000 - 0x00007ffc37f89000 	C:\windows\System32\GDI32.dll
0x00007ffc378b0000 - 0x00007ffc37a4a000 	C:\windows\System32\gdi32full.dll
0x00007ffc37170000 - 0x00007ffc37210000 	C:\windows\System32\msvcp_win.dll
0x00007ffc37210000 - 0x00007ffc3730c000 	C:\windows\System32\ucrtbase.dll
0x00007ffc1e850000 - 0x00007ffc1eac9000 	C:\windows\WinSxS\amd64_microsoft.windows.common-controls_6595b64144ccf1df_6.0.17763.253_none_05b2388e0721fece\COMCTL32.dll
0x00007ffc37b80000 - 0x00007ffc37ead000 	C:\windows\System32\combase.dll
0x00007ffc377b0000 - 0x00007ffc3782e000 	C:\windows\System32\bcryptPrimitives.dll
0x00007ffc398c0000 - 0x00007ffc398ee000 	C:\windows\System32\IMM32.DLL
0x00007ffc1ca10000 - 0x00007ffc1cbba000 	C:\windows\system32\tmumh\20019\AddOn\8.20.0.1016\TmUmEvt64.dll
0x00007ffc37ad0000 - 0x00007ffc37ad8000 	C:\windows\System32\PSAPI.DLL
0x00007ffc39a40000 - 0x00007ffc39a92000 	C:\windows\System32\SHLWAPI.dll
0x000000005a050000 - 0x000000005a1b5000 	C:\windows\system32\tmumh\20019\TmMon\2.7.3.1004\tmmon64.dll
0x000000005a3a0000 - 0x000000005a472000 	C:\Program Files\Java\jdk1.8.0_202\jre\bin\msvcr100.dll
0x0000000057dc0000 - 0x0000000058665000 	C:\Program Files\Java\jdk1.8.0_202\jre\bin\server\jvm.dll
0x00007ffc25530000 - 0x00007ffc25539000 	C:\windows\SYSTEM32\WSOCK32.dll
0x00000000037e0000 - 0x000000000384d000 	C:\windows\System32\WS2_32.dll
0x00007ffc348c0000 - 0x00007ffc348e4000 	C:\windows\SYSTEM32\WINMM.dll
0x00007ffc2f000000 - 0x00007ffc2f00a000 	C:\windows\SYSTEM32\VERSION.dll
0x00007ffc34890000 - 0x00007ffc348bd000 	C:\windows\SYSTEM32\WINMMBASE.dll
0x00007ffc37a80000 - 0x00007ffc37aca000 	C:\windows\System32\cfgmgr32.dll
0x00007ffc2f390000 - 0x00007ffc2f39f000 	C:\Program Files\Java\jdk1.8.0_202\jre\bin\verify.dll
0x00007ffc13d20000 - 0x00007ffc13d49000 	C:\Program Files\Java\jdk1.8.0_202\jre\bin\java.dll
0x00007ffc28630000 - 0x00007ffc28646000 	C:\Program Files\Java\jdk1.8.0_202\jre\bin\zip.dll
0x00007ffc382d0000 - 0x00007ffc397bf000 	C:\windows\System32\SHELL32.dll
0x00007ffc37eb0000 - 0x00007ffc37f58000 	C:\windows\System32\shcore.dll
0x00007ffc36a20000 - 0x00007ffc3716a000 	C:\windows\System32\windows.storage.dll
0x00007ffc368a0000 - 0x00007ffc368c4000 	C:\windows\System32\profapi.dll
0x00007ffc368f0000 - 0x00007ffc3694d000 	C:\windows\System32\powrprof.dll
0x00007ffc368d0000 - 0x00007ffc368e1000 	C:\windows\System32\kernel.appcore.dll
0x00007ffc37830000 - 0x00007ffc37847000 	C:\windows\System32\cryptsp.dll
0x00007ffc35a30000 - 0x00007ffc35a63000 	C:\windows\system32\rsaenh.dll
0x00007ffc37a50000 - 0x00007ffc37a76000 	C:\windows\System32\bcrypt.dll
0x00007ffc367a0000 - 0x00007ffc367c8000 	C:\windows\SYSTEM32\USERENV.dll
0x00007ffc362a0000 - 0x00007ffc362ac000 	C:\windows\SYSTEM32\CRYPTBASE.dll
0x00007ffc1d5a0000 - 0x00007ffc1d5ba000 	C:\Program Files\Java\jdk1.8.0_202\jre\bin\net.dll
0x00007ffc2da80000 - 0x00007ffc2dc57000 	C:\windows\SYSTEM32\urlmon.dll
0x00007ffc2d6e0000 - 0x00007ffc2d988000 	C:\windows\SYSTEM32\iertutil.dll
0x00007ffc360d0000 - 0x00007ffc36137000 	C:\windows\system32\mswsock.dll
0x00007ffc35e30000 - 0x00007ffc35e6d000 	C:\windows\SYSTEM32\IPHLPAPI.DLL
0x00007ffc39a30000 - 0x00007ffc39a38000 	C:\windows\System32\NSI.dll
0x00007ffc30830000 - 0x00007ffc30846000 	C:\windows\SYSTEM32\dhcpcsvc6.DLL
0x00007ffc30810000 - 0x00007ffc3082c000 	C:\windows\SYSTEM32\dhcpcsvc.DLL
0x00007ffc35e70000 - 0x00007ffc35f36000 	C:\windows\SYSTEM32\DNSAPI.dll
0x00007ffc1c350000 - 0x00007ffc1c362000 	C:\Program Files\Java\jdk1.8.0_202\jre\bin\nio.dll
0x00007ffc28350000 - 0x00007ffc2835a000 	C:\Users\SrikanthMalkaRDP\AppData\Local\Temp\jansi-1.17-2115740371007950481.dll
0x00007ffc25540000 - 0x00007ffc2554a000 	C:\Users\SrikanthMalkaRDP\AppData\Local\Temp\jansi-1.17-1792668439485761802.dll

VM Arguments:
jvm_args: -Dmaven.home=EMBEDDED -Dclassworlds.conf=C:\Users\SrikanthMalkaRDP\eclipse-workspace\.metadata\.plugins\org.eclipse.m2e.launching\launches\m2conf7947441415902110441.tmp -Dmaven.multiModuleProjectDirectory=C:\Users\SrikanthMalkaRDP\git\mpi_gap_common -Dfile.encoding=Cp1252 
java_command: org.codehaus.plexus.classworlds.launcher.Launcher -B clean install
java_class_path (initial): C:\Users\SrikanthMalkaRDP\.p2\pool\plugins\org.eclipse.m2e.maven.runtime_1.10.0.20181127-2120\jars\plexus-classworlds-2.5.2.jar
Launcher Type: SUN_STANDARD

Environment Variables:
PATH=C:/Program Files/Java/jre1.8.0_202/bin/server;C:/Program Files/Java/jre1.8.0_202/bin;C:/Program Files/Java/jre1.8.0_202/lib/amd64;C:\Program Files (x86)\Common Files\Oracle\Java\javapath;C:\windows\system32;C:\windows;C:\windows\System32\Wbem;C:\windows\System32\WindowsPowerShell\v1.0\;C:\windows\System32\OpenSSH\;C:\Users\SrikanthMalkaRDP\AppData\Local\Microsoft\WindowsApps;;C:\Users\SrikanthMalkaRDP\Desktop;
USERNAME=SrikanthMalkaRDP
OS=Windows_NT
PROCESSOR_IDENTIFIER=Intel64 Family 6 Model 79 Stepping 1, GenuineIntel



---------------  S Y S T E M  ---------------

OS: Windows 10.0 , 64 bit Build 17763 (10.0.17763.1)

CPU:total 2 (initial active 2) (2 cores per cpu, 1 threads per core) family 6 model 79 stepping 1, cmov, cx8, fxsr, mmx, sse, sse2, sse3, ssse3, sse4.1, sse4.2, popcnt, avx, avx2, aes, clmul, erms, rtm, 3dnowpref, lzcnt, tsc, bmi1, bmi2, adx

Memory: 4k page, physical 7339572k(2782836k free), swap 9174440k(5324k free)

vm_info: Java HotSpot(TM) 64-Bit Server VM (25.202-b08) for windows-amd64 JRE (1.8.0_202-b08), built on Dec 15 2018 19:54:30 by "java_re" with MS VC++ 10.0 (VS2010)

time: Tue Mar 12 07:20:20 2019
timezone: Coordinated Universal Time
elapsed time: 7 seconds (0d 0h 0m 7s)

